<?xml version="1.0" encoding="UTF-8"?>
<!-- Generated by org.testng.reporters.JUnitXMLReporter -->
<testsuite hostname="Rkhan-lt" ignored="0" name="4" tests="4" failures="0" timestamp="2020-07-01T13:01:01 EDT" time="127.95" errors="0">
  <testcase name="makePaymentTest" time="41.572" classname="tests.TestClass"/>
  <testcase name="makePaymentTest" time="40.783" classname="tests.TestClass"/>
  <testcase name="makePaymentTest" time="39.383" classname="tests.TestClass"/>
  <testcase name="makePaymentTest" time="42.05" classname="tests.TestClass"/>
</testsuite> <!-- 4 -->
