<?xml version="1.0" encoding="UTF-8"?>
<!-- Generated by org.testng.reporters.JUnitXMLReporter -->
<testsuite hostname="Rkhan-lt" ignored="0" name="5" tests="6" failures="0" timestamp="2020-07-01T13:01:07 EDT" time="134.486" errors="0">
  <testcase name="makePaymentTest" time="41.572" classname="tests.TestClass"/>
  <testcase name="makePaymentTest" time="40.783" classname="tests.TestClass"/>
  <testcase name="makePaymentTest" time="35.299" classname="tests.TestClass"/>
  <testcase name="makePaymentTest" time="39.383" classname="tests.TestClass"/>
  <testcase name="makePaymentTest" time="42.05" classname="tests.TestClass"/>
  <testcase name="makePaymentTest" time="44.167" classname="tests.TestClass"/>
</testsuite> <!-- 5 -->
