<?xml version="1.0" encoding="UTF-8"?>
<!-- Generated by org.testng.reporters.JUnitXMLReporter -->
<testsuite hostname="Rkhan-lt" ignored="0" name="9" tests="7" failures="0" timestamp="2020-07-01T13:00:56 EDT" time="122.926" errors="0">
  <testcase name="makePaymentTest" time="41.572" classname="tests.TestClass"/>
  <testcase name="makePaymentTest" time="40.783" classname="tests.TestClass"/>
  <testcase name="makePaymentTest" time="35.299" classname="tests.TestClass"/>
  <testcase name="makePaymentTest" time="32.642" classname="tests.TestClass"/>
  <testcase name="makePaymentTest" time="34.302" classname="tests.TestClass"/>
  <testcase name="makePaymentTest" time="39.383" classname="tests.TestClass"/>
  <testcase name="makePaymentTest" time="42.05" classname="tests.TestClass"/>
</testsuite> <!-- 9 -->
