<?xml version="1.0" encoding="UTF-8"?>
<testsuite xmlns:xsi="http://www.w3.org/2001/XMLSchema-instance" xsi:noNamespaceSchemaLocation="https://maven.apache.org/surefire/maven-surefire-plugin/xsd/surefire-test-report.xsd" name="TestSuite" time="114.001" tests="4" errors="0" skipped="0" failures="0">
  <properties>
[...]
</properties>
  <testcase name="makePaymentTest" classname="tests.TestClass" time="0.223"/>
  <testcase name="makePaymentTest" classname="tests.TestClass" time="5.5"/>
  <testcase name="makePaymentTest" classname="tests.TestClass" time="12.434"/>
  <testcase name="makePaymentTest" classname="tests.TestClass" time="46.99"/>
</testsuite>