<?xml version="1.0" encoding="UTF-8"?>
<testng-results skipped="0" failed="0" ignored="0" total="2" passed="2">
  <reporter-output>
  </reporter-output>
  <suite name="Test Automation" duration-ms="169613" started-at="2020-07-01T12:58:53 EDT" finished-at="2020-07-01T13:01:43 EDT">
    <groups>
    </groups>
    <test name="10" duration-ms="144531" started-at="2020-07-01T12:58:53 EDT" finished-at="2020-07-01T13:01:17 EDT">
      <class name="tests.TestClass">
        <test-method status="PASS" signature="setUp(java.lang.String, java.lang.reflect.Method)[pri:0, instance:tests.TestClass@396f6598]" name="setUp" is-config="true" duration-ms="88536" started-at="2020-07-01T12:58:53 EDT" finished-at="2020-07-01T13:00:22 EDT">
          <params>
            <param index="0">
              <value>
                <![CDATA[Android]]>
              </value>
            </param>
            <param index="1">
              <value>
                <![CDATA[public void tests.TestClass.makePaymentTest()]]>
              </value>
            </param>
          </params>
          <reporter-output>
          </reporter-output>
        </test-method> <!-- setUp -->
        <test-method status="PASS" signature="makePaymentTest()[pri:0, instance:tests.TestClass@396f6598]" name="makePaymentTest" duration-ms="41147" started-at="2020-07-01T13:00:22 EDT" finished-at="2020-07-01T13:01:03 EDT">
          <reporter-output>
          </reporter-output>
        </test-method> <!-- makePaymentTest -->
        <test-method status="PASS" signature="tearDown()[pri:0, instance:tests.TestClass@396f6598]" name="tearDown" is-config="true" duration-ms="14798" started-at="2020-07-01T13:01:03 EDT" finished-at="2020-07-01T13:01:17 EDT">
          <reporter-output>
          </reporter-output>
        </test-method> <!-- tearDown -->
      </class> <!-- tests.TestClass -->
    </test> <!-- 10 -->
    <test name="7" duration-ms="169613" started-at="2020-07-01T12:58:53 EDT" finished-at="2020-07-01T13:01:43 EDT">
      <class name="tests.TestClass">
        <test-method status="PASS" signature="setUp(java.lang.String, java.lang.reflect.Method)[pri:0, instance:tests.TestClass@614ddd49]" name="setUp" is-config="true" duration-ms="86188" started-at="2020-07-01T12:58:53 EDT" finished-at="2020-07-01T13:00:19 EDT">
          <params>
            <param index="0">
              <value>
                <![CDATA[Android]]>
              </value>
            </param>
            <param index="1">
              <value>
                <![CDATA[public void tests.TestClass.makePaymentTest()]]>
              </value>
            </param>
          </params>
          <reporter-output>
          </reporter-output>
        </test-method> <!-- setUp -->
        <test-method status="PASS" signature="makePaymentTest()[pri:0, instance:tests.TestClass@614ddd49]" name="makePaymentTest" duration-ms="68906" started-at="2020-07-01T13:00:19 EDT" finished-at="2020-07-01T13:01:28 EDT">
          <reporter-output>
          </reporter-output>
        </test-method> <!-- makePaymentTest -->
        <test-method status="PASS" signature="tearDown()[pri:0, instance:tests.TestClass@614ddd49]" name="tearDown" is-config="true" duration-ms="14467" started-at="2020-07-01T13:01:28 EDT" finished-at="2020-07-01T13:01:43 EDT">
          <reporter-output>
          </reporter-output>
        </test-method> <!-- tearDown -->
      </class> <!-- tests.TestClass -->
    </test> <!-- 7 -->
  </suite> <!-- Test Automation -->
</testng-results>
