<?xml version="1.0" encoding="UTF-8"?>
<testng-results skipped="0" failed="0" ignored="0" total="3" passed="3">
  <reporter-output>
  </reporter-output>
  <suite name="Test Automation" duration-ms="113297" started-at="2020-09-29T09:51:03 EDT" finished-at="2020-09-29T09:52:56 EDT">
    <groups>
    </groups>
    <test name="1" duration-ms="63426" started-at="2020-09-29T09:51:03 EDT" finished-at="2020-09-29T09:52:06 EDT">
      <class name="tests.TestClass">
        <test-method status="PASS" signature="setUp(java.lang.String, java.lang.reflect.Method)[pri:0, instance:tests.TestClass@61f8bee4]" name="setUp" is-config="true" duration-ms="42812" started-at="2020-09-29T09:51:03 EDT" finished-at="2020-09-29T09:51:46 EDT">
          <params>
            <param index="0">
              <value>
                <![CDATA[Android]]>
              </value>
            </param>
            <param index="1">
              <value>
                <![CDATA[public void tests.TestClass.makePaymentTest()]]>
              </value>
            </param>
          </params>
          <reporter-output>
          </reporter-output>
        </test-method> <!-- setUp -->
        <test-method status="PASS" signature="makePaymentTest()[pri:0, instance:tests.TestClass@61f8bee4]" name="makePaymentTest" duration-ms="13914" started-at="2020-09-29T09:51:46 EDT" finished-at="2020-09-29T09:51:59 EDT">
          <reporter-output>
          </reporter-output>
        </test-method> <!-- makePaymentTest -->
        <test-method status="PASS" signature="tearDown()[pri:0, instance:tests.TestClass@61f8bee4]" name="tearDown" is-config="true" duration-ms="6659" started-at="2020-09-29T09:51:59 EDT" finished-at="2020-09-29T09:52:06 EDT">
          <reporter-output>
          </reporter-output>
        </test-method> <!-- tearDown -->
      </class> <!-- tests.TestClass -->
    </test> <!-- 1 -->
    <test name="2" duration-ms="73559" started-at="2020-09-29T09:51:03 EDT" finished-at="2020-09-29T09:52:16 EDT">
      <class name="tests.TestClass">
        <test-method status="PASS" signature="setUp(java.lang.String, java.lang.reflect.Method)[pri:0, instance:tests.TestClass@30b8a058]" name="setUp" is-config="true" duration-ms="49800" started-at="2020-09-29T09:51:03 EDT" finished-at="2020-09-29T09:51:53 EDT">
          <params>
            <param index="0">
              <value>
                <![CDATA[Android]]>
              </value>
            </param>
            <param index="1">
              <value>
                <![CDATA[public void tests.TestClass.makePaymentTest()]]>
              </value>
            </param>
          </params>
          <reporter-output>
          </reporter-output>
        </test-method> <!-- setUp -->
        <test-method status="PASS" signature="makePaymentTest()[pri:0, instance:tests.TestClass@30b8a058]" name="makePaymentTest" duration-ms="13889" started-at="2020-09-29T09:51:53 EDT" finished-at="2020-09-29T09:52:06 EDT">
          <reporter-output>
          </reporter-output>
        </test-method> <!-- makePaymentTest -->
        <test-method status="PASS" signature="tearDown()[pri:0, instance:tests.TestClass@30b8a058]" name="tearDown" is-config="true" duration-ms="9833" started-at="2020-09-29T09:52:06 EDT" finished-at="2020-09-29T09:52:16 EDT">
          <reporter-output>
          </reporter-output>
        </test-method> <!-- tearDown -->
      </class> <!-- tests.TestClass -->
    </test> <!-- 2 -->
    <test name="4" duration-ms="113297" started-at="2020-09-29T09:51:03 EDT" finished-at="2020-09-29T09:52:56 EDT">
      <class name="tests.TestClass">
        <test-method status="PASS" signature="setUp(java.lang.String, java.lang.reflect.Method)[pri:0, instance:tests.TestClass@76707e36]" name="setUp" is-config="true" duration-ms="51260" started-at="2020-09-29T09:51:03 EDT" finished-at="2020-09-29T09:51:54 EDT">
          <params>
            <param index="0">
              <value>
                <![CDATA[iOS]]>
              </value>
            </param>
            <param index="1">
              <value>
                <![CDATA[public void tests.TestClass.makePaymentTest()]]>
              </value>
            </param>
          </params>
          <reporter-output>
          </reporter-output>
        </test-method> <!-- setUp -->
        <test-method status="PASS" signature="makePaymentTest()[pri:0, instance:tests.TestClass@76707e36]" name="makePaymentTest" duration-ms="46943" started-at="2020-09-29T09:51:54 EDT" finished-at="2020-09-29T09:52:41 EDT">
          <reporter-output>
          </reporter-output>
        </test-method> <!-- makePaymentTest -->
        <test-method status="PASS" signature="tearDown()[pri:0, instance:tests.TestClass@76707e36]" name="tearDown" is-config="true" duration-ms="15055" started-at="2020-09-29T09:52:41 EDT" finished-at="2020-09-29T09:52:56 EDT">
          <reporter-output>
          </reporter-output>
        </test-method> <!-- tearDown -->
      </class> <!-- tests.TestClass -->
    </test> <!-- 4 -->
  </suite> <!-- Test Automation -->
</testng-results>
